D:\MsVS\Common7\IDE\VC\VCTargets\Microsoft.CppBuild.targets(377,5): warning MSB8004: Output Directory does not end with a trailing slash.  This build instance will add the slash as it is required to allow proper evaluation of the Output Directory.
  main.cpp
c:\opencv2.1\include\opencv\cvvidsurv.hpp(126): warning C4996: 'strdup': The POSIX name for this item is deprecated. Instead, use the ISO C and C++ conformant name: _strdup. See online help for details.
  c:\program files (x86)\windows kits\10\include\10.0.17134.0\ucrt\string.h(536): note: see declaration of 'strdup'
c:\opencv2.1\include\opencv\cvvidsurv.hpp(151): warning C4996: 'stricmp': The POSIX name for this item is deprecated. Instead, use the ISO C and C++ conformant name: _stricmp. See online help for details.
  c:\program files (x86)\windows kits\10\include\10.0.17134.0\ucrt\string.h(549): note: see declaration of 'stricmp'
c:\opencv2.1\include\opencv\cvvidsurv.hpp(179): warning C4996: 'strdup': The POSIX name for this item is deprecated. Instead, use the ISO C and C++ conformant name: _strdup. See online help for details.
  c:\program files (x86)\windows kits\10\include\10.0.17134.0\ucrt\string.h(536): note: see declaration of 'strdup'
c:\opencv2.1\include\opencv\cvvidsurv.hpp(191): warning C4996: 'strdup': The POSIX name for this item is deprecated. Instead, use the ISO C and C++ conformant name: _strdup. See online help for details.
  c:\program files (x86)\windows kits\10\include\10.0.17134.0\ucrt\string.h(536): note: see declaration of 'strdup'
c:\opencv2.1\include\opencv\cvvidsurv.hpp(193): warning C4996: 'strdup': The POSIX name for this item is deprecated. Instead, use the ISO C and C++ conformant name: _strdup. See online help for details.
  c:\program files (x86)\windows kits\10\include\10.0.17134.0\ucrt\string.h(536): note: see declaration of 'strdup'
c:\opencv2.1\include\opencv\cvvidsurv.hpp(194): warning C4996: 'strdup': The POSIX name for this item is deprecated. Instead, use the ISO C and C++ conformant name: _strdup. See online help for details.
  c:\program files (x86)\windows kits\10\include\10.0.17134.0\ucrt\string.h(536): note: see declaration of 'strdup'
c:\opencv2.1\include\opencv\cvvidsurv.hpp(201): warning C4996: 'stricmp': The POSIX name for this item is deprecated. Instead, use the ISO C and C++ conformant name: _stricmp. See online help for details.
  c:\program files (x86)\windows kits\10\include\10.0.17134.0\ucrt\string.h(549): note: see declaration of 'stricmp'
c:\opencv2.1\include\opencv\cvvidsurv.hpp(252): warning C4996: 'stricmp': The POSIX name for this item is deprecated. Instead, use the ISO C and C++ conformant name: _stricmp. See online help for details.
  c:\program files (x86)\windows kits\10\include\10.0.17134.0\ucrt\string.h(549): note: see declaration of 'stricmp'
c:\opencv2.1\include\opencv\cvvidsurv.hpp(263): warning C4996: 'stricmp': The POSIX name for this item is deprecated. Instead, use the ISO C and C++ conformant name: _stricmp. See online help for details.
  c:\program files (x86)\windows kits\10\include\10.0.17134.0\ucrt\string.h(549): note: see declaration of 'stricmp'
c:\opencv2.1\include\opencv\cvvidsurv.hpp(268): warning C4996: 'strdup': The POSIX name for this item is deprecated. Instead, use the ISO C and C++ conformant name: _strdup. See online help for details.
  c:\program files (x86)\windows kits\10\include\10.0.17134.0\ucrt\string.h(536): note: see declaration of 'strdup'
c:\opencv2.1\include\opencv\cvvidsurv.hpp(287): warning C4996: 'strcpy': This function or variable may be unsafe. Consider using strcpy_s instead. To disable deprecation, use _CRT_SECURE_NO_WARNINGS. See online help for details.
  c:\program files (x86)\windows kits\10\include\10.0.17134.0\ucrt\string.h(133): note: see declaration of 'strcpy'
c:\opencv2.1\include\opencv\cvvidsurv.hpp(288): warning C4996: 'strcat': This function or variable may be unsafe. Consider using strcat_s instead. To disable deprecation, use _CRT_SECURE_NO_WARNINGS. See online help for details.
  c:\program files (x86)\windows kits\10\include\10.0.17134.0\ucrt\string.h(90): note: see declaration of 'strcat'
c:\opencv2.1\include\opencv\cvvidsurv.hpp(289): warning C4996: 'strcat': This function or variable may be unsafe. Consider using strcat_s instead. To disable deprecation, use _CRT_SECURE_NO_WARNINGS. See online help for details.
  c:\program files (x86)\windows kits\10\include\10.0.17134.0\ucrt\string.h(90): note: see declaration of 'strcat'
c:\opencv2.1\include\opencv\cvvidsurv.hpp(327): warning C4996: 'strcpy': This function or variable may be unsafe. Consider using strcpy_s instead. To disable deprecation, use _CRT_SECURE_NO_WARNINGS. See online help for details.
  c:\program files (x86)\windows kits\10\include\10.0.17134.0\ucrt\string.h(133): note: see declaration of 'strcpy'
c:\opencv2.1\include\opencv\cvvidsurv.hpp(328): warning C4996: 'strcat': This function or variable may be unsafe. Consider using strcat_s instead. To disable deprecation, use _CRT_SECURE_NO_WARNINGS. See online help for details.
  c:\program files (x86)\windows kits\10\include\10.0.17134.0\ucrt\string.h(90): note: see declaration of 'strcat'
c:\opencv2.1\include\opencv\cvvidsurv.hpp(329): warning C4996: 'strcat': This function or variable may be unsafe. Consider using strcat_s instead. To disable deprecation, use _CRT_SECURE_NO_WARNINGS. See online help for details.
  c:\program files (x86)\windows kits\10\include\10.0.17134.0\ucrt\string.h(90): note: see declaration of 'strcat'
c:\opencv2.1\include\opencv\cvvidsurv.hpp(333): warning C4996: 'strcpy': This function or variable may be unsafe. Consider using strcpy_s instead. To disable deprecation, use _CRT_SECURE_NO_WARNINGS. See online help for details.
  c:\program files (x86)\windows kits\10\include\10.0.17134.0\ucrt\string.h(133): note: see declaration of 'strcpy'
c:\opencv2.1\include\opencv\cvvidsurv.hpp(354): warning C4996: 'stricmp': The POSIX name for this item is deprecated. Instead, use the ISO C and C++ conformant name: _stricmp. See online help for details.
  c:\program files (x86)\windows kits\10\include\10.0.17134.0\ucrt\string.h(549): note: see declaration of 'stricmp'
c:\opencv2.1\include\opencv\cvvidsurv.hpp(362): warning C4996: 'stricmp': The POSIX name for this item is deprecated. Instead, use the ISO C and C++ conformant name: _stricmp. See online help for details.
  c:\program files (x86)\windows kits\10\include\10.0.17134.0\ucrt\string.h(549): note: see declaration of 'stricmp'
c:\opencv2.1\include\opencv\cvvidsurv.hpp(372): warning C4996: 'strdup': The POSIX name for this item is deprecated. Instead, use the ISO C and C++ conformant name: _strdup. See online help for details.
  c:\program files (x86)\windows kits\10\include\10.0.17134.0\ucrt\string.h(536): note: see declaration of 'strdup'
c:\opencv2.1\include\opencv\cvvidsurv.hpp(466): warning C4996: 'strcpy': This function or variable may be unsafe. Consider using strcpy_s instead. To disable deprecation, use _CRT_SECURE_NO_WARNINGS. See online help for details.
  c:\program files (x86)\windows kits\10\include\10.0.17134.0\ucrt\string.h(133): note: see declaration of 'strcpy'
c:\opencv2.1\include\opencv\cvvidsurv.hpp(535): warning C4996: 'strcat': This function or variable may be unsafe. Consider using strcat_s instead. To disable deprecation, use _CRT_SECURE_NO_WARNINGS. See online help for details.
  c:\program files (x86)\windows kits\10\include\10.0.17134.0\ucrt\string.h(90): note: see declaration of 'strcat'
c:\users\exdyd\downloads\omigamedev-smiledetector-a1dfa58307e4\src\main.cpp(118): warning C4244: 'initializing': conversion from 'double' to 'int', possible loss of data
c:\users\exdyd\downloads\omigamedev-smiledetector-a1dfa58307e4\src\main.cpp(121): warning C4244: 'initializing': conversion from 'double' to 'int', possible loss of data
c:\users\exdyd\downloads\omigamedev-smiledetector-a1dfa58307e4\src\main.cpp(125): warning C4244: 'argument': conversion from 'double' to 'int', possible loss of data
c:\users\exdyd\downloads\omigamedev-smiledetector-a1dfa58307e4\src\main.cpp(34): warning C4996: 'sprintf': This function or variable may be unsafe. Consider using sprintf_s instead. To disable deprecation, use _CRT_SECURE_NO_WARNINGS. See online help for details.
  c:\program files (x86)\windows kits\10\include\10.0.17134.0\ucrt\stdio.h(1774): note: see declaration of 'sprintf'
c:\users\exdyd\downloads\omigamedev-smiledetector-a1dfa58307e4\src\main.cpp(44): warning C4996: 'sprintf': This function or variable may be unsafe. Consider using sprintf_s instead. To disable deprecation, use _CRT_SECURE_NO_WARNINGS. See online help for details.
  c:\program files (x86)\windows kits\10\include\10.0.17134.0\ucrt\stdio.h(1774): note: see declaration of 'sprintf'
c:\users\exdyd\downloads\omigamedev-smiledetector-a1dfa58307e4\src\main.cpp(136): warning C4996: 'sprintf': This function or variable may be unsafe. Consider using sprintf_s instead. To disable deprecation, use _CRT_SECURE_NO_WARNINGS. See online help for details.
  c:\program files (x86)\windows kits\10\include\10.0.17134.0\ucrt\stdio.h(1774): note: see declaration of 'sprintf'
c:\users\exdyd\downloads\omigamedev-smiledetector-a1dfa58307e4\src\main.cpp(142): warning C4996: 'sprintf': This function or variable may be unsafe. Consider using sprintf_s instead. To disable deprecation, use _CRT_SECURE_NO_WARNINGS. See online help for details.
  c:\program files (x86)\windows kits\10\include\10.0.17134.0\ucrt\stdio.h(1774): note: see declaration of 'sprintf'
  smiledetector.vcxproj -> C:\Users\exdyd\Downloads\omigamedev-smiledetector-a1dfa58307e4\vs2010\..\bin\smiledetectorDebug.exe
